<?xml version="1.0" encoding="UTF-8"?>
<testng-results ignored="0" total="1" passed="1" failed="0" skipped="0">
  <reporter-output>
    <line>
      <![CDATA[Element is clicking.]]>
    </line>
    <line>
      <![CDATA[Element is clicking.]]>
    </line>
    <line>
      <![CDATA[nabilahossain : value passed to element :[[ChromeDriver: chrome on WINDOWS (e48aac0eb740b60e13f65ba753b7e33c)] -> xpath: //input[@id='userID']]]]>
    </line>
    <line>
      <![CDATA[naomI1234 : value passed to element :[[ChromeDriver: chrome on WINDOWS (e48aac0eb740b60e13f65ba753b7e33c)] -> xpath: //input[@id='password']]]]>
    </line>
    <line>
      <![CDATA[Element is clicking.]]>
    </line>
  </reporter-output>
  <suite started-at="2022-05-17T20:54:15 CDT" name="Suite" finished-at="2022-05-17T20:54:25 CDT" duration-ms="10089">
    <groups>
    </groups>
    <test started-at="2022-05-17T20:54:15 CDT" name="Test" finished-at="2022-05-17T20:54:25 CDT" duration-ms="10089">
      <class name="testPackage.TestAtt">
        <test-method is-config="true" signature="setUp()[pri:0, instance:testPackage.TestAtt@73e22a3d]" started-at="2022-05-17T20:54:15 CDT" name="setUp" finished-at="2022-05-17T20:54:19 CDT" duration-ms="3490" status="PASS">
          <reporter-output>
          </reporter-output>
        </test-method> <!-- setUp -->
        <test-method signature="invalidSignInTestMethod()[pri:0, instance:testPackage.TestAtt@73e22a3d]" started-at="2022-05-17T20:54:19 CDT" name="invalidSignInTestMethod" finished-at="2022-05-17T20:54:25 CDT" duration-ms="6431" status="PASS">
          <reporter-output>
            <line>
              <![CDATA[Element is clicking.]]>
            </line>
            <line>
              <![CDATA[Element is clicking.]]>
            </line>
            <line>
              <![CDATA[nabilahossain : value passed to element :[[ChromeDriver: chrome on WINDOWS (e48aac0eb740b60e13f65ba753b7e33c)] -> xpath: //input[@id='userID']]]]>
            </line>
            <line>
              <![CDATA[naomI1234 : value passed to element :[[ChromeDriver: chrome on WINDOWS (e48aac0eb740b60e13f65ba753b7e33c)] -> xpath: //input[@id='password']]]]>
            </line>
            <line>
              <![CDATA[Element is clicking.]]>
            </line>
          </reporter-output>
        </test-method> <!-- invalidSignInTestMethod -->
        <test-method is-config="true" signature="cleaningUp()[pri:0, instance:testPackage.TestAtt@73e22a3d]" started-at="2022-05-17T20:54:25 CDT" name="cleaningUp" finished-at="2022-05-17T20:54:25 CDT" duration-ms="137" status="PASS">
          <reporter-output>
          </reporter-output>
        </test-method> <!-- cleaningUp -->
      </class> <!-- testPackage.TestAtt -->
    </test> <!-- Test -->
  </suite> <!-- Suite -->
</testng-results>
